Analysis & Synthesis report for clock
Fri Jan 03 14:09:55 2025
Quartus II 64-Bit Version 13.0.1 Build 232 06/12/2013 Service Pack 1 SJ Web Edition


---------------------
; Table of Contents ;
---------------------
  1. Legal Notice
  2. Analysis & Synthesis Summary
  3. Analysis & Synthesis Settings
  4. Parallel Compilation
  5. Analysis & Synthesis Source Files Read
  6. Analysis & Synthesis Resource Usage Summary
  7. Analysis & Synthesis Resource Utilization by Entity
  8. General Register Statistics
  9. Multiplexer Restructuring Statistics (Restructuring Performed)
 10. Parameter Settings for Inferred Entity Instance: hms_to_digits:hms_to_digits_alarm|lpm_divide:Div0
 11. Parameter Settings for Inferred Entity Instance: hms_to_digits:hms_to_digits_24|lpm_divide:Div0
 12. Parameter Settings for Inferred Entity Instance: hms_to_digits:hms_to_digits_12|lpm_divide:Div0
 13. Parameter Settings for Inferred Entity Instance: hms_to_digits:hms_to_digits_alarm|lpm_divide:Mod0
 14. Parameter Settings for Inferred Entity Instance: hms_to_digits:hms_to_digits_24|lpm_divide:Mod0
 15. Parameter Settings for Inferred Entity Instance: hms_to_digits:hms_to_digits_12|lpm_divide:Mod0
 16. Parameter Settings for Inferred Entity Instance: hms_to_digits:hms_to_digits_alarm|lpm_divide:Div1
 17. Parameter Settings for Inferred Entity Instance: hms_to_digits:hms_to_digits_12|lpm_divide:Div1
 18. Parameter Settings for Inferred Entity Instance: hms_to_digits:hms_to_digits_12|lpm_divide:Mod1
 19. Parameter Settings for Inferred Entity Instance: hms_to_digits:hms_to_digits_alarm|lpm_divide:Mod1
 20. Port Connectivity Checks: "decoder_7seg:seven_seg_10"
 21. Port Connectivity Checks: "decoder_7seg:seven_seg_6"
 22. Port Connectivity Checks: "decoder_7seg:seven_seg_2"
 23. Port Connectivity Checks: "hms_to_digits:hms_to_digits_12"
 24. Elapsed Time Per Partition
 25. Analysis & Synthesis Messages



----------------
; Legal Notice ;
----------------
Copyright (C) 1991-2013 Altera Corporation
Your use of Altera Corporation's design tools, logic functions 
and other software and tools, and its AMPP partner logic 
functions, and any output files from any of the foregoing 
(including device programming or simulation files), and any 
associated documentation or information are expressly subject 
to the terms and conditions of the Altera Program License 
Subscription Agreement, Altera MegaCore Function License 
Agreement, or other applicable license agreement, including, 
without limitation, that your use is for the sole purpose of 
programming logic devices manufactured by Altera and sold by 
Altera or its authorized distributors.  Please refer to the 
applicable agreement for further details.



+--------------------------------------------------------------------------------------+
; Analysis & Synthesis Summary                                                         ;
+------------------------------------+-------------------------------------------------+
; Analysis & Synthesis Status        ; Successful - Fri Jan 03 14:09:55 2025           ;
; Quartus II 64-Bit Version          ; 13.0.1 Build 232 06/12/2013 SP 1 SJ Web Edition ;
; Revision Name                      ; clock                                           ;
; Top-level Entity Name              ; alarm_clock                                     ;
; Family                             ; Cyclone III                                     ;
; Total logic elements               ; 436                                             ;
;     Total combinational functions  ; 436                                             ;
;     Dedicated logic registers      ; 53                                              ;
; Total registers                    ; 53                                              ;
; Total pins                         ; 59                                              ;
; Total virtual pins                 ; 0                                               ;
; Total memory bits                  ; 0                                               ;
; Embedded Multiplier 9-bit elements ; 0                                               ;
; Total PLLs                         ; 0                                               ;
+------------------------------------+-------------------------------------------------+


+----------------------------------------------------------------------------------------------------------------------+
; Analysis & Synthesis Settings                                                                                        ;
+----------------------------------------------------------------------------+--------------------+--------------------+
; Option                                                                     ; Setting            ; Default Value      ;
+----------------------------------------------------------------------------+--------------------+--------------------+
; Device                                                                     ; EP3C16F484C6       ;                    ;
; Top-level entity name                                                      ; alarm_clock        ; clock              ;
; Family name                                                                ; Cyclone III        ; Cyclone IV GX      ;
; Use smart compilation                                                      ; Off                ; Off                ;
; Enable parallel Assembler and TimeQuest Timing Analyzer during compilation ; On                 ; On                 ;
; Enable compact report table                                                ; Off                ; Off                ;
; Restructure Multiplexers                                                   ; Auto               ; Auto               ;
; Create Debugging Nodes for IP Cores                                        ; Off                ; Off                ;
; Preserve fewer node names                                                  ; On                 ; On                 ;
; Disable OpenCore Plus hardware evaluation                                  ; Off                ; Off                ;
; Verilog Version                                                            ; Verilog_2001       ; Verilog_2001       ;
; VHDL Version                                                               ; VHDL_1993          ; VHDL_1993          ;
; State Machine Processing                                                   ; Auto               ; Auto               ;
; Safe State Machine                                                         ; Off                ; Off                ;
; Extract Verilog State Machines                                             ; On                 ; On                 ;
; Extract VHDL State Machines                                                ; On                 ; On                 ;
; Ignore Verilog initial constructs                                          ; Off                ; Off                ;
; Iteration limit for constant Verilog loops                                 ; 5000               ; 5000               ;
; Iteration limit for non-constant Verilog loops                             ; 250                ; 250                ;
; Add Pass-Through Logic to Inferred RAMs                                    ; On                 ; On                 ;
; Infer RAMs from Raw Logic                                                  ; On                 ; On                 ;
; Parallel Synthesis                                                         ; On                 ; On                 ;
; DSP Block Balancing                                                        ; Auto               ; Auto               ;
; NOT Gate Push-Back                                                         ; On                 ; On                 ;
; Power-Up Don't Care                                                        ; On                 ; On                 ;
; Remove Redundant Logic Cells                                               ; Off                ; Off                ;
; Remove Duplicate Registers                                                 ; On                 ; On                 ;
; Ignore CARRY Buffers                                                       ; Off                ; Off                ;
; Ignore CASCADE Buffers                                                     ; Off                ; Off                ;
; Ignore GLOBAL Buffers                                                      ; Off                ; Off                ;
; Ignore ROW GLOBAL Buffers                                                  ; Off                ; Off                ;
; Ignore LCELL Buffers                                                       ; Off                ; Off                ;
; Ignore SOFT Buffers                                                        ; On                 ; On                 ;
; Limit AHDL Integers to 32 Bits                                             ; Off                ; Off                ;
; Optimization Technique                                                     ; Balanced           ; Balanced           ;
; Carry Chain Length                                                         ; 70                 ; 70                 ;
; Auto Carry Chains                                                          ; On                 ; On                 ;
; Auto Open-Drain Pins                                                       ; On                 ; On                 ;
; Perform WYSIWYG Primitive Resynthesis                                      ; Off                ; Off                ;
; Auto ROM Replacement                                                       ; On                 ; On                 ;
; Auto RAM Replacement                                                       ; On                 ; On                 ;
; Auto DSP Block Replacement                                                 ; On                 ; On                 ;
; Auto Shift Register Replacement                                            ; Auto               ; Auto               ;
; Allow Shift Register Merging across Hierarchies                            ; Auto               ; Auto               ;
; Auto Clock Enable Replacement                                              ; On                 ; On                 ;
; Strict RAM Replacement                                                     ; Off                ; Off                ;
; Allow Synchronous Control Signals                                          ; On                 ; On                 ;
; Force Use of Synchronous Clear Signals                                     ; Off                ; Off                ;
; Auto RAM Block Balancing                                                   ; On                 ; On                 ;
; Auto RAM to Logic Cell Conversion                                          ; Off                ; Off                ;
; Auto Resource Sharing                                                      ; Off                ; Off                ;
; Allow Any RAM Size For Recognition                                         ; Off                ; Off                ;
; Allow Any ROM Size For Recognition                                         ; Off                ; Off                ;
; Allow Any Shift Register Size For Recognition                              ; Off                ; Off                ;
; Use LogicLock Constraints during Resource Balancing                        ; On                 ; On                 ;
; Ignore translate_off and synthesis_off directives                          ; Off                ; Off                ;
; Timing-Driven Synthesis                                                    ; On                 ; On                 ;
; Report Parameter Settings                                                  ; On                 ; On                 ;
; Report Source Assignments                                                  ; On                 ; On                 ;
; Report Connectivity Checks                                                 ; On                 ; On                 ;
; Ignore Maximum Fan-Out Assignments                                         ; Off                ; Off                ;
; Synchronization Register Chain Length                                      ; 2                  ; 2                  ;
; PowerPlay Power Optimization                                               ; Normal compilation ; Normal compilation ;
; HDL message level                                                          ; Level2             ; Level2             ;
; Suppress Register Optimization Related Messages                            ; Off                ; Off                ;
; Number of Removed Registers Reported in Synthesis Report                   ; 5000               ; 5000               ;
; Number of Swept Nodes Reported in Synthesis Report                         ; 5000               ; 5000               ;
; Number of Inverted Registers Reported in Synthesis Report                  ; 100                ; 100                ;
; Clock MUX Protection                                                       ; On                 ; On                 ;
; Auto Gated Clock Conversion                                                ; Off                ; Off                ;
; Block Design Naming                                                        ; Auto               ; Auto               ;
; SDC constraint protection                                                  ; Off                ; Off                ;
; Synthesis Effort                                                           ; Auto               ; Auto               ;
; Shift Register Replacement - Allow Asynchronous Clear Signal               ; On                 ; On                 ;
; Pre-Mapping Resynthesis Optimization                                       ; Off                ; Off                ;
; Analysis & Synthesis Message Level                                         ; Medium             ; Medium             ;
; Disable Register Merging Across Hierarchies                                ; Auto               ; Auto               ;
; Resource Aware Inference For Block RAM                                     ; On                 ; On                 ;
; Synthesis Seed                                                             ; 1                  ; 1                  ;
+----------------------------------------------------------------------------+--------------------+--------------------+


Parallel compilation was disabled, but you have multiple processors available. Enable parallel compilation to reduce compilation time.
+-------------------------------------+
; Parallel Compilation                ;
+----------------------------+--------+
; Processors                 ; Number ;
+----------------------------+--------+
; Number detected on machine ; 20     ;
; Maximum allowed            ; 1      ;
+----------------------------+--------+


+---------------------------------------------------------------------------------------------------------------------------------------------------------------------+
; Analysis & Synthesis Source Files Read                                                                                                                              ;
+----------------------------------+-----------------+------------------------------+-----------------------------------------------------------------------+---------+
; File Name with User-Entered Path ; Used in Netlist ; File Type                    ; File Name with Absolute Path                                          ; Library ;
+----------------------------------+-----------------+------------------------------+-----------------------------------------------------------------------+---------+
; speaker.vhd                      ; yes             ; User VHDL File               ; E:/vhdl/clock/speaker.vhd                                             ;         ;
; decoder_7seg.vhd                 ; yes             ; User VHDL File               ; E:/vhdl/clock/decoder_7seg.vhd                                        ;         ;
; alarm_clock.vhd                  ; yes             ; User VHDL File               ; E:/vhdl/clock/alarm_clock.vhd                                         ;         ;
; alarm.vhd                        ; yes             ; User VHDL File               ; E:/vhdl/clock/alarm.vhd                                               ;         ;
; clock_12_24.vhd                  ; yes             ; User VHDL File               ; E:/vhdl/clock/clock_12_24.vhd                                         ;         ;
; hms_to_digits.vhd                ; yes             ; User VHDL File               ; E:/vhdl/clock/hms_to_digits.vhd                                       ;         ;
; lpm_divide.tdf                   ; yes             ; Megafunction                 ; c:/altera/13.0sp1/quartus/libraries/megafunctions/lpm_divide.tdf      ;         ;
; abs_divider.inc                  ; yes             ; Megafunction                 ; c:/altera/13.0sp1/quartus/libraries/megafunctions/abs_divider.inc     ;         ;
; sign_div_unsign.inc              ; yes             ; Megafunction                 ; c:/altera/13.0sp1/quartus/libraries/megafunctions/sign_div_unsign.inc ;         ;
; aglobal130.inc                   ; yes             ; Megafunction                 ; c:/altera/13.0sp1/quartus/libraries/megafunctions/aglobal130.inc      ;         ;
; db/lpm_divide_7gm.tdf            ; yes             ; Auto-Generated Megafunction  ; E:/vhdl/clock/db/lpm_divide_7gm.tdf                                   ;         ;
; db/sign_div_unsign_8kh.tdf       ; yes             ; Auto-Generated Megafunction  ; E:/vhdl/clock/db/sign_div_unsign_8kh.tdf                              ;         ;
; db/alt_u_div_r2f.tdf             ; yes             ; Auto-Generated Megafunction  ; E:/vhdl/clock/db/alt_u_div_r2f.tdf                                    ;         ;
; db/add_sub_unc.tdf               ; yes             ; Auto-Generated Megafunction  ; E:/vhdl/clock/db/add_sub_unc.tdf                                      ;         ;
; db/add_sub_vnc.tdf               ; yes             ; Auto-Generated Megafunction  ; E:/vhdl/clock/db/add_sub_vnc.tdf                                      ;         ;
; db/lpm_divide_b8m.tdf            ; yes             ; Auto-Generated Megafunction  ; E:/vhdl/clock/db/lpm_divide_b8m.tdf                                   ;         ;
; db/sign_div_unsign_9kh.tdf       ; yes             ; Auto-Generated Megafunction  ; E:/vhdl/clock/db/sign_div_unsign_9kh.tdf                              ;         ;
; db/alt_u_div_t2f.tdf             ; yes             ; Auto-Generated Megafunction  ; E:/vhdl/clock/db/alt_u_div_t2f.tdf                                    ;         ;
; db/lpm_divide_8gm.tdf            ; yes             ; Auto-Generated Megafunction  ; E:/vhdl/clock/db/lpm_divide_8gm.tdf                                   ;         ;
; db/sign_div_unsign_akh.tdf       ; yes             ; Auto-Generated Megafunction  ; E:/vhdl/clock/db/sign_div_unsign_akh.tdf                              ;         ;
; db/alt_u_div_u2f.tdf             ; yes             ; Auto-Generated Megafunction  ; E:/vhdl/clock/db/alt_u_div_u2f.tdf                                    ;         ;
; db/lpm_divide_d8m.tdf            ; yes             ; Auto-Generated Megafunction  ; E:/vhdl/clock/db/lpm_divide_d8m.tdf                                   ;         ;
; db/sign_div_unsign_bkh.tdf       ; yes             ; Auto-Generated Megafunction  ; E:/vhdl/clock/db/sign_div_unsign_bkh.tdf                              ;         ;
; db/alt_u_div_13f.tdf             ; yes             ; Auto-Generated Megafunction  ; E:/vhdl/clock/db/alt_u_div_13f.tdf                                    ;         ;
+----------------------------------+-----------------+------------------------------+-----------------------------------------------------------------------+---------+


+-----------------------------------------------------------+
; Analysis & Synthesis Resource Usage Summary               ;
+---------------------------------------------+-------------+
; Resource                                    ; Usage       ;
+---------------------------------------------+-------------+
; Estimated Total logic elements              ; 436         ;
;                                             ;             ;
; Total combinational functions               ; 436         ;
; Logic element usage by number of LUT inputs ;             ;
;     -- 4 input functions                    ; 142         ;
;     -- 3 input functions                    ; 85          ;
;     -- <=2 input functions                  ; 209         ;
;                                             ;             ;
; Logic elements by mode                      ;             ;
;     -- normal mode                          ; 307         ;
;     -- arithmetic mode                      ; 129         ;
;                                             ;             ;
; Total registers                             ; 53          ;
;     -- Dedicated logic registers            ; 53          ;
;     -- I/O registers                        ; 0           ;
;                                             ;             ;
; I/O pins                                    ; 59          ;
; Embedded Multiplier 9-bit elements          ; 0           ;
; Maximum fan-out node                        ; reset~input ;
; Maximum fan-out                             ; 53          ;
; Total fan-out                               ; 1484        ;
; Average fan-out                             ; 2.44        ;
+---------------------------------------------+-------------+


+-----------------------------------------------------------------------------------------------------------------------------------------------------------------------------------------------------------------------------------------------------------------------------------------------------------------------+
; Analysis & Synthesis Resource Utilization by Entity                                                                                                                                                                                                                                                                   ;
+-------------------------------------------+-------------------+--------------+-------------+--------------+---------+-----------+------+--------------+------------------------------------------------------------------------------------------------------------------------------------------------+--------------+
; Compilation Hierarchy Node                ; LC Combinationals ; LC Registers ; Memory Bits ; DSP Elements ; DSP 9x9 ; DSP 18x18 ; Pins ; Virtual Pins ; Full Hierarchy Name                                                                                                                            ; Library Name ;
+-------------------------------------------+-------------------+--------------+-------------+--------------+---------+-----------+------+--------------+------------------------------------------------------------------------------------------------------------------------------------------------+--------------+
; |alarm_clock                              ; 436 (189)         ; 53 (53)      ; 0           ; 0            ; 0       ; 0         ; 59   ; 0            ; |alarm_clock                                                                                                                                   ; work         ;
;    |alarm:alarm_inst|                     ; 9 (9)             ; 0 (0)        ; 0           ; 0            ; 0       ; 0         ; 0    ; 0            ; |alarm_clock|alarm:alarm_inst                                                                                                                  ; work         ;
;    |clock_12_24:clock_12_24_inst|         ; 3 (3)             ; 0 (0)        ; 0           ; 0            ; 0       ; 0         ; 0    ; 0            ; |alarm_clock|clock_12_24:clock_12_24_inst                                                                                                      ; work         ;
;    |decoder_7seg:seven_seg_0|             ; 1 (1)             ; 0 (0)        ; 0           ; 0            ; 0       ; 0         ; 0    ; 0            ; |alarm_clock|decoder_7seg:seven_seg_0                                                                                                          ; work         ;
;    |decoder_7seg:seven_seg_10|            ; 1 (1)             ; 0 (0)        ; 0           ; 0            ; 0       ; 0         ; 0    ; 0            ; |alarm_clock|decoder_7seg:seven_seg_10                                                                                                         ; work         ;
;    |decoder_7seg:seven_seg_11|            ; 2 (2)             ; 0 (0)        ; 0           ; 0            ; 0       ; 0         ; 0    ; 0            ; |alarm_clock|decoder_7seg:seven_seg_11                                                                                                         ; work         ;
;    |decoder_7seg:seven_seg_1|             ; 1 (1)             ; 0 (0)        ; 0           ; 0            ; 0       ; 0         ; 0    ; 0            ; |alarm_clock|decoder_7seg:seven_seg_1                                                                                                          ; work         ;
;    |decoder_7seg:seven_seg_3|             ; 4 (4)             ; 0 (0)        ; 0           ; 0            ; 0       ; 0         ; 0    ; 0            ; |alarm_clock|decoder_7seg:seven_seg_3                                                                                                          ; work         ;
;    |decoder_7seg:seven_seg_4|             ; 1 (1)             ; 0 (0)        ; 0           ; 0            ; 0       ; 0         ; 0    ; 0            ; |alarm_clock|decoder_7seg:seven_seg_4                                                                                                          ; work         ;
;    |decoder_7seg:seven_seg_5|             ; 2 (2)             ; 0 (0)        ; 0           ; 0            ; 0       ; 0         ; 0    ; 0            ; |alarm_clock|decoder_7seg:seven_seg_5                                                                                                          ; work         ;
;    |decoder_7seg:seven_seg_7|             ; 4 (4)             ; 0 (0)        ; 0           ; 0            ; 0       ; 0         ; 0    ; 0            ; |alarm_clock|decoder_7seg:seven_seg_7                                                                                                          ; work         ;
;    |hms_to_digits:hms_to_digits_12|       ; 79 (0)            ; 0 (0)        ; 0           ; 0            ; 0       ; 0         ; 0    ; 0            ; |alarm_clock|hms_to_digits:hms_to_digits_12                                                                                                    ; work         ;
;       |lpm_divide:Div0|                   ; 5 (0)             ; 0 (0)        ; 0           ; 0            ; 0       ; 0         ; 0    ; 0            ; |alarm_clock|hms_to_digits:hms_to_digits_12|lpm_divide:Div0                                                                                    ; work         ;
;          |lpm_divide_7gm:auto_generated|  ; 5 (0)             ; 0 (0)        ; 0           ; 0            ; 0       ; 0         ; 0    ; 0            ; |alarm_clock|hms_to_digits:hms_to_digits_12|lpm_divide:Div0|lpm_divide_7gm:auto_generated                                                      ; work         ;
;             |sign_div_unsign_8kh:divider| ; 5 (0)             ; 0 (0)        ; 0           ; 0            ; 0       ; 0         ; 0    ; 0            ; |alarm_clock|hms_to_digits:hms_to_digits_12|lpm_divide:Div0|lpm_divide_7gm:auto_generated|sign_div_unsign_8kh:divider                          ; work         ;
;                |alt_u_div_r2f:divider|    ; 5 (5)             ; 0 (0)        ; 0           ; 0            ; 0       ; 0         ; 0    ; 0            ; |alarm_clock|hms_to_digits:hms_to_digits_12|lpm_divide:Div0|lpm_divide_7gm:auto_generated|sign_div_unsign_8kh:divider|alt_u_div_r2f:divider    ; work         ;
;       |lpm_divide:Div1|                   ; 30 (0)            ; 0 (0)        ; 0           ; 0            ; 0       ; 0         ; 0    ; 0            ; |alarm_clock|hms_to_digits:hms_to_digits_12|lpm_divide:Div1                                                                                    ; work         ;
;          |lpm_divide_8gm:auto_generated|  ; 30 (0)            ; 0 (0)        ; 0           ; 0            ; 0       ; 0         ; 0    ; 0            ; |alarm_clock|hms_to_digits:hms_to_digits_12|lpm_divide:Div1|lpm_divide_8gm:auto_generated                                                      ; work         ;
;             |sign_div_unsign_akh:divider| ; 30 (0)            ; 0 (0)        ; 0           ; 0            ; 0       ; 0         ; 0    ; 0            ; |alarm_clock|hms_to_digits:hms_to_digits_12|lpm_divide:Div1|lpm_divide_8gm:auto_generated|sign_div_unsign_akh:divider                          ; work         ;
;                |alt_u_div_u2f:divider|    ; 30 (30)           ; 0 (0)        ; 0           ; 0            ; 0       ; 0         ; 0    ; 0            ; |alarm_clock|hms_to_digits:hms_to_digits_12|lpm_divide:Div1|lpm_divide_8gm:auto_generated|sign_div_unsign_akh:divider|alt_u_div_u2f:divider    ; work         ;
;       |lpm_divide:Mod0|                   ; 8 (0)             ; 0 (0)        ; 0           ; 0            ; 0       ; 0         ; 0    ; 0            ; |alarm_clock|hms_to_digits:hms_to_digits_12|lpm_divide:Mod0                                                                                    ; work         ;
;          |lpm_divide_b8m:auto_generated|  ; 8 (0)             ; 0 (0)        ; 0           ; 0            ; 0       ; 0         ; 0    ; 0            ; |alarm_clock|hms_to_digits:hms_to_digits_12|lpm_divide:Mod0|lpm_divide_b8m:auto_generated                                                      ; work         ;
;             |sign_div_unsign_9kh:divider| ; 8 (0)             ; 0 (0)        ; 0           ; 0            ; 0       ; 0         ; 0    ; 0            ; |alarm_clock|hms_to_digits:hms_to_digits_12|lpm_divide:Mod0|lpm_divide_b8m:auto_generated|sign_div_unsign_9kh:divider                          ; work         ;
;                |alt_u_div_t2f:divider|    ; 8 (8)             ; 0 (0)        ; 0           ; 0            ; 0       ; 0         ; 0    ; 0            ; |alarm_clock|hms_to_digits:hms_to_digits_12|lpm_divide:Mod0|lpm_divide_b8m:auto_generated|sign_div_unsign_9kh:divider|alt_u_div_t2f:divider    ; work         ;
;       |lpm_divide:Mod1|                   ; 36 (0)            ; 0 (0)        ; 0           ; 0            ; 0       ; 0         ; 0    ; 0            ; |alarm_clock|hms_to_digits:hms_to_digits_12|lpm_divide:Mod1                                                                                    ; work         ;
;          |lpm_divide_d8m:auto_generated|  ; 36 (0)            ; 0 (0)        ; 0           ; 0            ; 0       ; 0         ; 0    ; 0            ; |alarm_clock|hms_to_digits:hms_to_digits_12|lpm_divide:Mod1|lpm_divide_d8m:auto_generated                                                      ; work         ;
;             |sign_div_unsign_bkh:divider| ; 36 (0)            ; 0 (0)        ; 0           ; 0            ; 0       ; 0         ; 0    ; 0            ; |alarm_clock|hms_to_digits:hms_to_digits_12|lpm_divide:Mod1|lpm_divide_d8m:auto_generated|sign_div_unsign_bkh:divider                          ; work         ;
;                |alt_u_div_13f:divider|    ; 36 (36)           ; 0 (0)        ; 0           ; 0            ; 0       ; 0         ; 0    ; 0            ; |alarm_clock|hms_to_digits:hms_to_digits_12|lpm_divide:Mod1|lpm_divide_d8m:auto_generated|sign_div_unsign_bkh:divider|alt_u_div_13f:divider    ; work         ;
;    |hms_to_digits:hms_to_digits_24|       ; 37 (0)            ; 0 (0)        ; 0           ; 0            ; 0       ; 0         ; 0    ; 0            ; |alarm_clock|hms_to_digits:hms_to_digits_24                                                                                                    ; work         ;
;       |lpm_divide:Div0|                   ; 17 (0)            ; 0 (0)        ; 0           ; 0            ; 0       ; 0         ; 0    ; 0            ; |alarm_clock|hms_to_digits:hms_to_digits_24|lpm_divide:Div0                                                                                    ; work         ;
;          |lpm_divide_7gm:auto_generated|  ; 17 (0)            ; 0 (0)        ; 0           ; 0            ; 0       ; 0         ; 0    ; 0            ; |alarm_clock|hms_to_digits:hms_to_digits_24|lpm_divide:Div0|lpm_divide_7gm:auto_generated                                                      ; work         ;
;             |sign_div_unsign_8kh:divider| ; 17 (0)            ; 0 (0)        ; 0           ; 0            ; 0       ; 0         ; 0    ; 0            ; |alarm_clock|hms_to_digits:hms_to_digits_24|lpm_divide:Div0|lpm_divide_7gm:auto_generated|sign_div_unsign_8kh:divider                          ; work         ;
;                |alt_u_div_r2f:divider|    ; 17 (17)           ; 0 (0)        ; 0           ; 0            ; 0       ; 0         ; 0    ; 0            ; |alarm_clock|hms_to_digits:hms_to_digits_24|lpm_divide:Div0|lpm_divide_7gm:auto_generated|sign_div_unsign_8kh:divider|alt_u_div_r2f:divider    ; work         ;
;       |lpm_divide:Mod0|                   ; 20 (0)            ; 0 (0)        ; 0           ; 0            ; 0       ; 0         ; 0    ; 0            ; |alarm_clock|hms_to_digits:hms_to_digits_24|lpm_divide:Mod0                                                                                    ; work         ;
;          |lpm_divide_b8m:auto_generated|  ; 20 (0)            ; 0 (0)        ; 0           ; 0            ; 0       ; 0         ; 0    ; 0            ; |alarm_clock|hms_to_digits:hms_to_digits_24|lpm_divide:Mod0|lpm_divide_b8m:auto_generated                                                      ; work         ;
;             |sign_div_unsign_9kh:divider| ; 20 (0)            ; 0 (0)        ; 0           ; 0            ; 0       ; 0         ; 0    ; 0            ; |alarm_clock|hms_to_digits:hms_to_digits_24|lpm_divide:Mod0|lpm_divide_b8m:auto_generated|sign_div_unsign_9kh:divider                          ; work         ;
;                |alt_u_div_t2f:divider|    ; 20 (20)           ; 0 (0)        ; 0           ; 0            ; 0       ; 0         ; 0    ; 0            ; |alarm_clock|hms_to_digits:hms_to_digits_24|lpm_divide:Mod0|lpm_divide_b8m:auto_generated|sign_div_unsign_9kh:divider|alt_u_div_t2f:divider    ; work         ;
;    |hms_to_digits:hms_to_digits_alarm|    ; 103 (0)           ; 0 (0)        ; 0           ; 0            ; 0       ; 0         ; 0    ; 0            ; |alarm_clock|hms_to_digits:hms_to_digits_alarm                                                                                                 ; work         ;
;       |lpm_divide:Div0|                   ; 17 (0)            ; 0 (0)        ; 0           ; 0            ; 0       ; 0         ; 0    ; 0            ; |alarm_clock|hms_to_digits:hms_to_digits_alarm|lpm_divide:Div0                                                                                 ; work         ;
;          |lpm_divide_7gm:auto_generated|  ; 17 (0)            ; 0 (0)        ; 0           ; 0            ; 0       ; 0         ; 0    ; 0            ; |alarm_clock|hms_to_digits:hms_to_digits_alarm|lpm_divide:Div0|lpm_divide_7gm:auto_generated                                                   ; work         ;
;             |sign_div_unsign_8kh:divider| ; 17 (0)            ; 0 (0)        ; 0           ; 0            ; 0       ; 0         ; 0    ; 0            ; |alarm_clock|hms_to_digits:hms_to_digits_alarm|lpm_divide:Div0|lpm_divide_7gm:auto_generated|sign_div_unsign_8kh:divider                       ; work         ;
;                |alt_u_div_r2f:divider|    ; 17 (17)           ; 0 (0)        ; 0           ; 0            ; 0       ; 0         ; 0    ; 0            ; |alarm_clock|hms_to_digits:hms_to_digits_alarm|lpm_divide:Div0|lpm_divide_7gm:auto_generated|sign_div_unsign_8kh:divider|alt_u_div_r2f:divider ; work         ;
;       |lpm_divide:Div1|                   ; 30 (0)            ; 0 (0)        ; 0           ; 0            ; 0       ; 0         ; 0    ; 0            ; |alarm_clock|hms_to_digits:hms_to_digits_alarm|lpm_divide:Div1                                                                                 ; work         ;
;          |lpm_divide_8gm:auto_generated|  ; 30 (0)            ; 0 (0)        ; 0           ; 0            ; 0       ; 0         ; 0    ; 0            ; |alarm_clock|hms_to_digits:hms_to_digits_alarm|lpm_divide:Div1|lpm_divide_8gm:auto_generated                                                   ; work         ;
;             |sign_div_unsign_akh:divider| ; 30 (0)            ; 0 (0)        ; 0           ; 0            ; 0       ; 0         ; 0    ; 0            ; |alarm_clock|hms_to_digits:hms_to_digits_alarm|lpm_divide:Div1|lpm_divide_8gm:auto_generated|sign_div_unsign_akh:divider                       ; work         ;
;                |alt_u_div_u2f:divider|    ; 30 (30)           ; 0 (0)        ; 0           ; 0            ; 0       ; 0         ; 0    ; 0            ; |alarm_clock|hms_to_digits:hms_to_digits_alarm|lpm_divide:Div1|lpm_divide_8gm:auto_generated|sign_div_unsign_akh:divider|alt_u_div_u2f:divider ; work         ;
;       |lpm_divide:Mod0|                   ; 20 (0)            ; 0 (0)        ; 0           ; 0            ; 0       ; 0         ; 0    ; 0            ; |alarm_clock|hms_to_digits:hms_to_digits_alarm|lpm_divide:Mod0                                                                                 ; work         ;
;          |lpm_divide_b8m:auto_generated|  ; 20 (0)            ; 0 (0)        ; 0           ; 0            ; 0       ; 0         ; 0    ; 0            ; |alarm_clock|hms_to_digits:hms_to_digits_alarm|lpm_divide:Mod0|lpm_divide_b8m:auto_generated                                                   ; work         ;
;             |sign_div_unsign_9kh:divider| ; 20 (0)            ; 0 (0)        ; 0           ; 0            ; 0       ; 0         ; 0    ; 0            ; |alarm_clock|hms_to_digits:hms_to_digits_alarm|lpm_divide:Mod0|lpm_divide_b8m:auto_generated|sign_div_unsign_9kh:divider                       ; work         ;
;                |alt_u_div_t2f:divider|    ; 20 (20)           ; 0 (0)        ; 0           ; 0            ; 0       ; 0         ; 0    ; 0            ; |alarm_clock|hms_to_digits:hms_to_digits_alarm|lpm_divide:Mod0|lpm_divide_b8m:auto_generated|sign_div_unsign_9kh:divider|alt_u_div_t2f:divider ; work         ;
;       |lpm_divide:Mod1|                   ; 36 (0)            ; 0 (0)        ; 0           ; 0            ; 0       ; 0         ; 0    ; 0            ; |alarm_clock|hms_to_digits:hms_to_digits_alarm|lpm_divide:Mod1                                                                                 ; work         ;
;          |lpm_divide_d8m:auto_generated|  ; 36 (0)            ; 0 (0)        ; 0           ; 0            ; 0       ; 0         ; 0    ; 0            ; |alarm_clock|hms_to_digits:hms_to_digits_alarm|lpm_divide:Mod1|lpm_divide_d8m:auto_generated                                                   ; work         ;
;             |sign_div_unsign_bkh:divider| ; 36 (0)            ; 0 (0)        ; 0           ; 0            ; 0       ; 0         ; 0    ; 0            ; |alarm_clock|hms_to_digits:hms_to_digits_alarm|lpm_divide:Mod1|lpm_divide_d8m:auto_generated|sign_div_unsign_bkh:divider                       ; work         ;
;                |alt_u_div_13f:divider|    ; 36 (36)           ; 0 (0)        ; 0           ; 0            ; 0       ; 0         ; 0    ; 0            ; |alarm_clock|hms_to_digits:hms_to_digits_alarm|lpm_divide:Mod1|lpm_divide_d8m:auto_generated|sign_div_unsign_bkh:divider|alt_u_div_13f:divider ; work         ;
+-------------------------------------------+-------------------+--------------+-------------+--------------+---------+-----------+------+--------------+------------------------------------------------------------------------------------------------------------------------------------------------+--------------+
Note: For table entries with two numbers listed, the numbers in parentheses indicate the number of resources of the given type used by the specific entity alone. The numbers listed outside of parentheses indicate the total resources of the given type used by the specific entity and all of its sub-entities in the hierarchy.


+------------------------------------------------------+
; General Register Statistics                          ;
+----------------------------------------------+-------+
; Statistic                                    ; Value ;
+----------------------------------------------+-------+
; Total registers                              ; 53    ;
; Number of registers using Synchronous Clear  ; 0     ;
; Number of registers using Synchronous Load   ; 0     ;
; Number of registers using Asynchronous Clear ; 53    ;
; Number of registers using Asynchronous Load  ; 0     ;
; Number of registers using Clock Enable       ; 28    ;
; Number of registers using Preset             ; 0     ;
+----------------------------------------------+-------+


+------------------------------------------------------------------------------------------------------------------------------------------+
; Multiplexer Restructuring Statistics (Restructuring Performed)                                                                           ;
+--------------------+-----------+---------------+----------------------+------------------------+------------+----------------------------+
; Multiplexer Inputs ; Bus Width ; Baseline Area ; Area if Restructured ; Saving if Restructured ; Registered ; Example Multiplexer Output ;
+--------------------+-----------+---------------+----------------------+------------------------+------------+----------------------------+
; 5:1                ; 6 bits    ; 18 LEs        ; 6 LEs                ; 12 LEs                 ; Yes        ; |alarm_clock|m[0]          ;
; 6:1                ; 5 bits    ; 20 LEs        ; 5 LEs                ; 15 LEs                 ; Yes        ; |alarm_clock|h[2]          ;
; 10:1               ; 2 bits    ; 12 LEs        ; 10 LEs               ; 2 LEs                  ; No         ; |alarm_clock|seg3[5]       ;
; 13:1               ; 2 bits    ; 16 LEs        ; 16 LEs               ; 0 LEs                  ; No         ; |alarm_clock|seg0[0]       ;
; 15:1               ; 2 bits    ; 20 LEs        ; 16 LEs               ; 4 LEs                  ; No         ; |alarm_clock|seg0[6]       ;
; 15:1               ; 2 bits    ; 20 LEs        ; 16 LEs               ; 4 LEs                  ; No         ; |alarm_clock|seg1[6]       ;
+--------------------+-----------+---------------+----------------------+------------------------+------------+----------------------------+


+----------------------------------------------------------------------------------------------------+
; Parameter Settings for Inferred Entity Instance: hms_to_digits:hms_to_digits_alarm|lpm_divide:Div0 ;
+------------------------+----------------+----------------------------------------------------------+
; Parameter Name         ; Value          ; Type                                                     ;
+------------------------+----------------+----------------------------------------------------------+
; LPM_WIDTHN             ; 5              ; Untyped                                                  ;
; LPM_WIDTHD             ; 4              ; Untyped                                                  ;
; LPM_NREPRESENTATION    ; UNSIGNED       ; Untyped                                                  ;
; LPM_DREPRESENTATION    ; UNSIGNED       ; Untyped                                                  ;
; LPM_PIPELINE           ; 0              ; Untyped                                                  ;
; LPM_REMAINDERPOSITIVE  ; TRUE           ; Untyped                                                  ;
; MAXIMIZE_SPEED         ; 5              ; Untyped                                                  ;
; CBXI_PARAMETER         ; lpm_divide_7gm ; Untyped                                                  ;
; CARRY_CHAIN            ; MANUAL         ; Untyped                                                  ;
; OPTIMIZE_FOR_SPEED     ; 5              ; Untyped                                                  ;
; AUTO_CARRY_CHAINS      ; ON             ; AUTO_CARRY                                               ;
; IGNORE_CARRY_BUFFERS   ; OFF            ; IGNORE_CARRY                                             ;
; AUTO_CASCADE_CHAINS    ; ON             ; AUTO_CASCADE                                             ;
; IGNORE_CASCADE_BUFFERS ; OFF            ; IGNORE_CASCADE                                           ;
+------------------------+----------------+----------------------------------------------------------+
Note: In order to hide this table in the UI and the text report file, please set the "Show Parameter Settings in Synthesis Report" option in "Analysis and Synthesis Settings -> More Settings" to "Off".


+-------------------------------------------------------------------------------------------------+
; Parameter Settings for Inferred Entity Instance: hms_to_digits:hms_to_digits_24|lpm_divide:Div0 ;
+------------------------+----------------+-------------------------------------------------------+
; Parameter Name         ; Value          ; Type                                                  ;
+------------------------+----------------+-------------------------------------------------------+
; LPM_WIDTHN             ; 5              ; Untyped                                               ;
; LPM_WIDTHD             ; 4              ; Untyped                                               ;
; LPM_NREPRESENTATION    ; UNSIGNED       ; Untyped                                               ;
; LPM_DREPRESENTATION    ; UNSIGNED       ; Untyped                                               ;
; LPM_PIPELINE           ; 0              ; Untyped                                               ;
; LPM_REMAINDERPOSITIVE  ; TRUE           ; Untyped                                               ;
; MAXIMIZE_SPEED         ; 5              ; Untyped                                               ;
; CBXI_PARAMETER         ; lpm_divide_7gm ; Untyped                                               ;
; CARRY_CHAIN            ; MANUAL         ; Untyped                                               ;
; OPTIMIZE_FOR_SPEED     ; 5              ; Untyped                                               ;
; AUTO_CARRY_CHAINS      ; ON             ; AUTO_CARRY                                            ;
; IGNORE_CARRY_BUFFERS   ; OFF            ; IGNORE_CARRY                                          ;
; AUTO_CASCADE_CHAINS    ; ON             ; AUTO_CASCADE                                          ;
; IGNORE_CASCADE_BUFFERS ; OFF            ; IGNORE_CASCADE                                        ;
+------------------------+----------------+-------------------------------------------------------+
Note: In order to hide this table in the UI and the text report file, please set the "Show Parameter Settings in Synthesis Report" option in "Analysis and Synthesis Settings -> More Settings" to "Off".


+-------------------------------------------------------------------------------------------------+
; Parameter Settings for Inferred Entity Instance: hms_to_digits:hms_to_digits_12|lpm_divide:Div0 ;
+------------------------+----------------+-------------------------------------------------------+
; Parameter Name         ; Value          ; Type                                                  ;
+------------------------+----------------+-------------------------------------------------------+
; LPM_WIDTHN             ; 5              ; Untyped                                               ;
; LPM_WIDTHD             ; 4              ; Untyped                                               ;
; LPM_NREPRESENTATION    ; UNSIGNED       ; Untyped                                               ;
; LPM_DREPRESENTATION    ; UNSIGNED       ; Untyped                                               ;
; LPM_PIPELINE           ; 0              ; Untyped                                               ;
; LPM_REMAINDERPOSITIVE  ; TRUE           ; Untyped                                               ;
; MAXIMIZE_SPEED         ; 5              ; Untyped                                               ;
; CBXI_PARAMETER         ; lpm_divide_7gm ; Untyped                                               ;
; CARRY_CHAIN            ; MANUAL         ; Untyped                                               ;
; OPTIMIZE_FOR_SPEED     ; 5              ; Untyped                                               ;
; AUTO_CARRY_CHAINS      ; ON             ; AUTO_CARRY                                            ;
; IGNORE_CARRY_BUFFERS   ; OFF            ; IGNORE_CARRY                                          ;
; AUTO_CASCADE_CHAINS    ; ON             ; AUTO_CASCADE                                          ;
; IGNORE_CASCADE_BUFFERS ; OFF            ; IGNORE_CASCADE                                        ;
+------------------------+----------------+-------------------------------------------------------+
Note: In order to hide this table in the UI and the text report file, please set the "Show Parameter Settings in Synthesis Report" option in "Analysis and Synthesis Settings -> More Settings" to "Off".


+----------------------------------------------------------------------------------------------------+
; Parameter Settings for Inferred Entity Instance: hms_to_digits:hms_to_digits_alarm|lpm_divide:Mod0 ;
+------------------------+----------------+----------------------------------------------------------+
; Parameter Name         ; Value          ; Type                                                     ;
+------------------------+----------------+----------------------------------------------------------+
; LPM_WIDTHN             ; 5              ; Untyped                                                  ;
; LPM_WIDTHD             ; 5              ; Untyped                                                  ;
; LPM_NREPRESENTATION    ; UNSIGNED       ; Untyped                                                  ;
; LPM_DREPRESENTATION    ; UNSIGNED       ; Untyped                                                  ;
; LPM_PIPELINE           ; 0              ; Untyped                                                  ;
; LPM_REMAINDERPOSITIVE  ; TRUE           ; Untyped                                                  ;
; MAXIMIZE_SPEED         ; 5              ; Untyped                                                  ;
; CBXI_PARAMETER         ; lpm_divide_b8m ; Untyped                                                  ;
; CARRY_CHAIN            ; MANUAL         ; Untyped                                                  ;
; OPTIMIZE_FOR_SPEED     ; 5              ; Untyped                                                  ;
; AUTO_CARRY_CHAINS      ; ON             ; AUTO_CARRY                                               ;
; IGNORE_CARRY_BUFFERS   ; OFF            ; IGNORE_CARRY                                             ;
; AUTO_CASCADE_CHAINS    ; ON             ; AUTO_CASCADE                                             ;
; IGNORE_CASCADE_BUFFERS ; OFF            ; IGNORE_CASCADE                                           ;
+------------------------+----------------+----------------------------------------------------------+
Note: In order to hide this table in the UI and the text report file, please set the "Show Parameter Settings in Synthesis Report" option in "Analysis and Synthesis Settings -> More Settings" to "Off".


+-------------------------------------------------------------------------------------------------+
; Parameter Settings for Inferred Entity Instance: hms_to_digits:hms_to_digits_24|lpm_divide:Mod0 ;
+------------------------+----------------+-------------------------------------------------------+
; Parameter Name         ; Value          ; Type                                                  ;
+------------------------+----------------+-------------------------------------------------------+
; LPM_WIDTHN             ; 5              ; Untyped                                               ;
; LPM_WIDTHD             ; 5              ; Untyped                                               ;
; LPM_NREPRESENTATION    ; UNSIGNED       ; Untyped                                               ;
; LPM_DREPRESENTATION    ; UNSIGNED       ; Untyped                                               ;
; LPM_PIPELINE           ; 0              ; Untyped                                               ;
; LPM_REMAINDERPOSITIVE  ; TRUE           ; Untyped                                               ;
; MAXIMIZE_SPEED         ; 5              ; Untyped                                               ;
; CBXI_PARAMETER         ; lpm_divide_b8m ; Untyped                                               ;
; CARRY_CHAIN            ; MANUAL         ; Untyped                                               ;
; OPTIMIZE_FOR_SPEED     ; 5              ; Untyped                                               ;
; AUTO_CARRY_CHAINS      ; ON             ; AUTO_CARRY                                            ;
; IGNORE_CARRY_BUFFERS   ; OFF            ; IGNORE_CARRY                                          ;
; AUTO_CASCADE_CHAINS    ; ON             ; AUTO_CASCADE                                          ;
; IGNORE_CASCADE_BUFFERS ; OFF            ; IGNORE_CASCADE                                        ;
+------------------------+----------------+-------------------------------------------------------+
Note: In order to hide this table in the UI and the text report file, please set the "Show Parameter Settings in Synthesis Report" option in "Analysis and Synthesis Settings -> More Settings" to "Off".


+-------------------------------------------------------------------------------------------------+
; Parameter Settings for Inferred Entity Instance: hms_to_digits:hms_to_digits_12|lpm_divide:Mod0 ;
+------------------------+----------------+-------------------------------------------------------+
; Parameter Name         ; Value          ; Type                                                  ;
+------------------------+----------------+-------------------------------------------------------+
; LPM_WIDTHN             ; 5              ; Untyped                                               ;
; LPM_WIDTHD             ; 5              ; Untyped                                               ;
; LPM_NREPRESENTATION    ; UNSIGNED       ; Untyped                                               ;
; LPM_DREPRESENTATION    ; UNSIGNED       ; Untyped                                               ;
; LPM_PIPELINE           ; 0              ; Untyped                                               ;
; LPM_REMAINDERPOSITIVE  ; TRUE           ; Untyped                                               ;
; MAXIMIZE_SPEED         ; 5              ; Untyped                                               ;
; CBXI_PARAMETER         ; lpm_divide_b8m ; Untyped                                               ;
; CARRY_CHAIN            ; MANUAL         ; Untyped                                               ;
; OPTIMIZE_FOR_SPEED     ; 5              ; Untyped                                               ;
; AUTO_CARRY_CHAINS      ; ON             ; AUTO_CARRY                                            ;
; IGNORE_CARRY_BUFFERS   ; OFF            ; IGNORE_CARRY                                          ;
; AUTO_CASCADE_CHAINS    ; ON             ; AUTO_CASCADE                                          ;
; IGNORE_CASCADE_BUFFERS ; OFF            ; IGNORE_CASCADE                                        ;
+------------------------+----------------+-------------------------------------------------------+
Note: In order to hide this table in the UI and the text report file, please set the "Show Parameter Settings in Synthesis Report" option in "Analysis and Synthesis Settings -> More Settings" to "Off".


+----------------------------------------------------------------------------------------------------+
; Parameter Settings for Inferred Entity Instance: hms_to_digits:hms_to_digits_alarm|lpm_divide:Div1 ;
+------------------------+----------------+----------------------------------------------------------+
; Parameter Name         ; Value          ; Type                                                     ;
+------------------------+----------------+----------------------------------------------------------+
; LPM_WIDTHN             ; 6              ; Untyped                                                  ;
; LPM_WIDTHD             ; 4              ; Untyped                                                  ;
; LPM_NREPRESENTATION    ; UNSIGNED       ; Untyped                                                  ;
; LPM_DREPRESENTATION    ; UNSIGNED       ; Untyped                                                  ;
; LPM_PIPELINE           ; 0              ; Untyped                                                  ;
; LPM_REMAINDERPOSITIVE  ; TRUE           ; Untyped                                                  ;
; MAXIMIZE_SPEED         ; 5              ; Untyped                                                  ;
; CBXI_PARAMETER         ; lpm_divide_8gm ; Untyped                                                  ;
; CARRY_CHAIN            ; MANUAL         ; Untyped                                                  ;
; OPTIMIZE_FOR_SPEED     ; 5              ; Untyped                                                  ;
; AUTO_CARRY_CHAINS      ; ON             ; AUTO_CARRY                                               ;
; IGNORE_CARRY_BUFFERS   ; OFF            ; IGNORE_CARRY                                             ;
; AUTO_CASCADE_CHAINS    ; ON             ; AUTO_CASCADE                                             ;
; IGNORE_CASCADE_BUFFERS ; OFF            ; IGNORE_CASCADE                                           ;
+------------------------+----------------+----------------------------------------------------------+
Note: In order to hide this table in the UI and the text report file, please set the "Show Parameter Settings in Synthesis Report" option in "Analysis and Synthesis Settings -> More Settings" to "Off".


+-------------------------------------------------------------------------------------------------+
; Parameter Settings for Inferred Entity Instance: hms_to_digits:hms_to_digits_12|lpm_divide:Div1 ;
+------------------------+----------------+-------------------------------------------------------+
; Parameter Name         ; Value          ; Type                                                  ;
+------------------------+----------------+-------------------------------------------------------+
; LPM_WIDTHN             ; 6              ; Untyped                                               ;
; LPM_WIDTHD             ; 4              ; Untyped                                               ;
; LPM_NREPRESENTATION    ; UNSIGNED       ; Untyped                                               ;
; LPM_DREPRESENTATION    ; UNSIGNED       ; Untyped                                               ;
; LPM_PIPELINE           ; 0              ; Untyped                                               ;
; LPM_REMAINDERPOSITIVE  ; TRUE           ; Untyped                                               ;
; MAXIMIZE_SPEED         ; 5              ; Untyped                                               ;
; CBXI_PARAMETER         ; lpm_divide_8gm ; Untyped                                               ;
; CARRY_CHAIN            ; MANUAL         ; Untyped                                               ;
; OPTIMIZE_FOR_SPEED     ; 5              ; Untyped                                               ;
; AUTO_CARRY_CHAINS      ; ON             ; AUTO_CARRY                                            ;
; IGNORE_CARRY_BUFFERS   ; OFF            ; IGNORE_CARRY                                          ;
; AUTO_CASCADE_CHAINS    ; ON             ; AUTO_CASCADE                                          ;
; IGNORE_CASCADE_BUFFERS ; OFF            ; IGNORE_CASCADE                                        ;
+------------------------+----------------+-------------------------------------------------------+
Note: In order to hide this table in the UI and the text report file, please set the "Show Parameter Settings in Synthesis Report" option in "Analysis and Synthesis Settings -> More Settings" to "Off".


+-------------------------------------------------------------------------------------------------+
; Parameter Settings for Inferred Entity Instance: hms_to_digits:hms_to_digits_12|lpm_divide:Mod1 ;
+------------------------+----------------+-------------------------------------------------------+
; Parameter Name         ; Value          ; Type                                                  ;
+------------------------+----------------+-------------------------------------------------------+
; LPM_WIDTHN             ; 6              ; Untyped                                               ;
; LPM_WIDTHD             ; 6              ; Untyped                                               ;
; LPM_NREPRESENTATION    ; UNSIGNED       ; Untyped                                               ;
; LPM_DREPRESENTATION    ; UNSIGNED       ; Untyped                                               ;
; LPM_PIPELINE           ; 0              ; Untyped                                               ;
; LPM_REMAINDERPOSITIVE  ; TRUE           ; Untyped                                               ;
; MAXIMIZE_SPEED         ; 5              ; Untyped                                               ;
; CBXI_PARAMETER         ; lpm_divide_d8m ; Untyped                                               ;
; CARRY_CHAIN            ; MANUAL         ; Untyped                                               ;
; OPTIMIZE_FOR_SPEED     ; 5              ; Untyped                                               ;
; AUTO_CARRY_CHAINS      ; ON             ; AUTO_CARRY                                            ;
; IGNORE_CARRY_BUFFERS   ; OFF            ; IGNORE_CARRY                                          ;
; AUTO_CASCADE_CHAINS    ; ON             ; AUTO_CASCADE                                          ;
; IGNORE_CASCADE_BUFFERS ; OFF            ; IGNORE_CASCADE                                        ;
+------------------------+----------------+-------------------------------------------------------+
Note: In order to hide this table in the UI and the text report file, please set the "Show Parameter Settings in Synthesis Report" option in "Analysis and Synthesis Settings -> More Settings" to "Off".


+----------------------------------------------------------------------------------------------------+
; Parameter Settings for Inferred Entity Instance: hms_to_digits:hms_to_digits_alarm|lpm_divide:Mod1 ;
+------------------------+----------------+----------------------------------------------------------+
; Parameter Name         ; Value          ; Type                                                     ;
+------------------------+----------------+----------------------------------------------------------+
; LPM_WIDTHN             ; 6              ; Untyped                                                  ;
; LPM_WIDTHD             ; 6              ; Untyped                                                  ;
; LPM_NREPRESENTATION    ; UNSIGNED       ; Untyped                                                  ;
; LPM_DREPRESENTATION    ; UNSIGNED       ; Untyped                                                  ;
; LPM_PIPELINE           ; 0              ; Untyped                                                  ;
; LPM_REMAINDERPOSITIVE  ; TRUE           ; Untyped                                                  ;
; MAXIMIZE_SPEED         ; 5              ; Untyped                                                  ;
; CBXI_PARAMETER         ; lpm_divide_d8m ; Untyped                                                  ;
; CARRY_CHAIN            ; MANUAL         ; Untyped                                                  ;
; OPTIMIZE_FOR_SPEED     ; 5              ; Untyped                                                  ;
; AUTO_CARRY_CHAINS      ; ON             ; AUTO_CARRY                                               ;
; IGNORE_CARRY_BUFFERS   ; OFF            ; IGNORE_CARRY                                             ;
; AUTO_CASCADE_CHAINS    ; ON             ; AUTO_CASCADE                                             ;
; IGNORE_CASCADE_BUFFERS ; OFF            ; IGNORE_CASCADE                                           ;
+------------------------+----------------+----------------------------------------------------------+
Note: In order to hide this table in the UI and the text report file, please set the "Show Parameter Settings in Synthesis Report" option in "Analysis and Synthesis Settings -> More Settings" to "Off".


+-------------------------------------------------------+
; Port Connectivity Checks: "decoder_7seg:seven_seg_10" ;
+--------+-------+----------+---------------------------+
; Port   ; Type  ; Severity ; Details                   ;
+--------+-------+----------+---------------------------+
; bcd[3] ; Input ; Info     ; Stuck at GND              ;
+--------+-------+----------+---------------------------+


+------------------------------------------------------+
; Port Connectivity Checks: "decoder_7seg:seven_seg_6" ;
+--------+-------+----------+--------------------------+
; Port   ; Type  ; Severity ; Details                  ;
+--------+-------+----------+--------------------------+
; bcd[3] ; Input ; Info     ; Stuck at GND             ;
+--------+-------+----------+--------------------------+


+------------------------------------------------------+
; Port Connectivity Checks: "decoder_7seg:seven_seg_2" ;
+--------+-------+----------+--------------------------+
; Port   ; Type  ; Severity ; Details                  ;
+--------+-------+----------+--------------------------+
; bcd[3] ; Input ; Info     ; Stuck at GND             ;
+--------+-------+----------+--------------------------+


+------------------------------------------------------------+
; Port Connectivity Checks: "hms_to_digits:hms_to_digits_12" ;
+------+-------+----------+----------------------------------+
; Port ; Type  ; Severity ; Details                          ;
+------+-------+----------+----------------------------------+
; h[4] ; Input ; Info     ; Stuck at GND                     ;
+------+-------+----------+----------------------------------+


+-------------------------------+
; Elapsed Time Per Partition    ;
+----------------+--------------+
; Partition Name ; Elapsed Time ;
+----------------+--------------+
; Top            ; 00:00:01     ;
+----------------+--------------+


+-------------------------------+
; Analysis & Synthesis Messages ;
+-------------------------------+
Info: *******************************************************************
Info: Running Quartus II 64-Bit Analysis & Synthesis
    Info: Version 13.0.1 Build 232 06/12/2013 Service Pack 1 SJ Web Edition
    Info: Processing started: Fri Jan 03 14:09:52 2025
Info: Command: quartus_map --read_settings_files=on --write_settings_files=off clock -c clock
Warning (20028): Parallel compilation is not licensed and has been disabled
Info (12021): Found 2 design units, including 1 entities, in source file speaker.vhd
    Info (12022): Found design unit 1: speaker-Behavioral
    Info (12023): Found entity 1: speaker
Info (12021): Found 2 design units, including 1 entities, in source file decoder_7seg.vhd
    Info (12022): Found design unit 1: decoder_7seg-decoder_7seg
    Info (12023): Found entity 1: decoder_7seg
Info (12021): Found 2 design units, including 1 entities, in source file alarm_clock.vhd
    Info (12022): Found design unit 1: alarm_clock-Behavioral
    Info (12023): Found entity 1: alarm_clock
Info (12021): Found 2 design units, including 1 entities, in source file alarm.vhd
    Info (12022): Found design unit 1: alarm-Behavioral
    Info (12023): Found entity 1: alarm
Info (12021): Found 2 design units, including 1 entities, in source file clock_12_24.vhd
    Info (12022): Found design unit 1: clock_12_24-Behavioral
    Info (12023): Found entity 1: clock_12_24
Info (12021): Found 2 design units, including 1 entities, in source file hms_to_digits.vhd
    Info (12022): Found design unit 1: hms_to_digits-Behavioral
    Info (12023): Found entity 1: hms_to_digits
Info (12021): Found 2 design units, including 1 entities, in source file clock.vhd
    Info (12022): Found design unit 1: clock-Behavioral
    Info (12023): Found entity 1: clock
Info (12127): Elaborating entity "alarm_clock" for the top level hierarchy
Warning (10540): VHDL Signal Declaration warning at alarm_clock.vhd(34): used explicit default value for signal "clk_div" because signal was never assigned a value
Info (10041): Inferred latch for "seg3[0]" at alarm_clock.vhd(227)
Info (10041): Inferred latch for "seg3[1]" at alarm_clock.vhd(227)
Info (10041): Inferred latch for "seg3[2]" at alarm_clock.vhd(227)
Info (10041): Inferred latch for "seg3[3]" at alarm_clock.vhd(227)
Info (10041): Inferred latch for "seg3[4]" at alarm_clock.vhd(227)
Info (10041): Inferred latch for "seg3[5]" at alarm_clock.vhd(227)
Info (10041): Inferred latch for "seg3[6]" at alarm_clock.vhd(227)
Info (10041): Inferred latch for "seg2[0]" at alarm_clock.vhd(224)
Info (10041): Inferred latch for "seg2[1]" at alarm_clock.vhd(224)
Info (10041): Inferred latch for "seg2[2]" at alarm_clock.vhd(224)
Info (10041): Inferred latch for "seg2[3]" at alarm_clock.vhd(224)
Info (10041): Inferred latch for "seg2[4]" at alarm_clock.vhd(224)
Info (10041): Inferred latch for "seg2[5]" at alarm_clock.vhd(224)
Info (10041): Inferred latch for "seg2[6]" at alarm_clock.vhd(224)
Info (10041): Inferred latch for "seg1[0]" at alarm_clock.vhd(221)
Info (10041): Inferred latch for "seg1[1]" at alarm_clock.vhd(221)
Info (10041): Inferred latch for "seg1[2]" at alarm_clock.vhd(221)
Info (10041): Inferred latch for "seg1[3]" at alarm_clock.vhd(221)
Info (10041): Inferred latch for "seg1[4]" at alarm_clock.vhd(221)
Info (10041): Inferred latch for "seg1[5]" at alarm_clock.vhd(221)
Info (10041): Inferred latch for "seg1[6]" at alarm_clock.vhd(221)
Info (10041): Inferred latch for "seg0[0]" at alarm_clock.vhd(218)
Info (10041): Inferred latch for "seg0[1]" at alarm_clock.vhd(218)
Info (10041): Inferred latch for "seg0[2]" at alarm_clock.vhd(218)
Info (10041): Inferred latch for "seg0[3]" at alarm_clock.vhd(218)
Info (10041): Inferred latch for "seg0[4]" at alarm_clock.vhd(218)
Info (10041): Inferred latch for "seg0[5]" at alarm_clock.vhd(218)
Info (10041): Inferred latch for "seg0[6]" at alarm_clock.vhd(218)
Info (12128): Elaborating entity "hms_to_digits" for hierarchy "hms_to_digits:hms_to_digits_24"
Info (12128): Elaborating entity "clock_12_24" for hierarchy "clock_12_24:clock_12_24_inst"
Info (12128): Elaborating entity "alarm" for hierarchy "alarm:alarm_inst"
Info (12128): Elaborating entity "decoder_7seg" for hierarchy "decoder_7seg:seven_seg_0"
Info (12128): Elaborating entity "speaker" for hierarchy "speaker:speaker0"
Info (278001): Inferred 10 megafunctions from design logic
    Info (278004): Inferred divider/modulo megafunction ("lpm_divide") from the following logic: "hms_to_digits:hms_to_digits_alarm|Div0"
    Info (278004): Inferred divider/modulo megafunction ("lpm_divide") from the following logic: "hms_to_digits:hms_to_digits_24|Div0"
    Info (278004): Inferred divider/modulo megafunction ("lpm_divide") from the following logic: "hms_to_digits:hms_to_digits_12|Div0"
    Info (278004): Inferred divider/modulo megafunction ("lpm_divide") from the following logic: "hms_to_digits:hms_to_digits_alarm|Mod0"
    Info (278004): Inferred divider/modulo megafunction ("lpm_divide") from the following logic: "hms_to_digits:hms_to_digits_24|Mod0"
    Info (278004): Inferred divider/modulo megafunction ("lpm_divide") from the following logic: "hms_to_digits:hms_to_digits_12|Mod0"
    Info (278004): Inferred divider/modulo megafunction ("lpm_divide") from the following logic: "hms_to_digits:hms_to_digits_alarm|Div1"
    Info (278004): Inferred divider/modulo megafunction ("lpm_divide") from the following logic: "hms_to_digits:hms_to_digits_12|Div1"
    Info (278004): Inferred divider/modulo megafunction ("lpm_divide") from the following logic: "hms_to_digits:hms_to_digits_12|Mod1"
    Info (278004): Inferred divider/modulo megafunction ("lpm_divide") from the following logic: "hms_to_digits:hms_to_digits_alarm|Mod1"
Info (12130): Elaborated megafunction instantiation "hms_to_digits:hms_to_digits_alarm|lpm_divide:Div0"
Info (12133): Instantiated megafunction "hms_to_digits:hms_to_digits_alarm|lpm_divide:Div0" with the following parameter:
    Info (12134): Parameter "LPM_WIDTHN" = "5"
    Info (12134): Parameter "LPM_WIDTHD" = "4"
    Info (12134): Parameter "LPM_NREPRESENTATION" = "UNSIGNED"
    Info (12134): Parameter "LPM_DREPRESENTATION" = "UNSIGNED"
Info (12021): Found 1 design units, including 1 entities, in source file db/lpm_divide_7gm.tdf
    Info (12023): Found entity 1: lpm_divide_7gm
Info (12021): Found 1 design units, including 1 entities, in source file db/sign_div_unsign_8kh.tdf
    Info (12023): Found entity 1: sign_div_unsign_8kh
Info (12021): Found 1 design units, including 1 entities, in source file db/alt_u_div_r2f.tdf
    Info (12023): Found entity 1: alt_u_div_r2f
Info (12021): Found 1 design units, including 1 entities, in source file db/add_sub_unc.tdf
    Info (12023): Found entity 1: add_sub_unc
Info (12021): Found 1 design units, including 1 entities, in source file db/add_sub_vnc.tdf
    Info (12023): Found entity 1: add_sub_vnc
Info (12130): Elaborated megafunction instantiation "hms_to_digits:hms_to_digits_12|lpm_divide:Div0"
Info (12133): Instantiated megafunction "hms_to_digits:hms_to_digits_12|lpm_divide:Div0" with the following parameter:
    Info (12134): Parameter "LPM_WIDTHN" = "5"
    Info (12134): Parameter "LPM_WIDTHD" = "4"
    Info (12134): Parameter "LPM_NREPRESENTATION" = "UNSIGNED"
    Info (12134): Parameter "LPM_DREPRESENTATION" = "UNSIGNED"
Info (12130): Elaborated megafunction instantiation "hms_to_digits:hms_to_digits_alarm|lpm_divide:Mod0"
Info (12133): Instantiated megafunction "hms_to_digits:hms_to_digits_alarm|lpm_divide:Mod0" with the following parameter:
    Info (12134): Parameter "LPM_WIDTHN" = "5"
    Info (12134): Parameter "LPM_WIDTHD" = "5"
    Info (12134): Parameter "LPM_NREPRESENTATION" = "UNSIGNED"
    Info (12134): Parameter "LPM_DREPRESENTATION" = "UNSIGNED"
Info (12021): Found 1 design units, including 1 entities, in source file db/lpm_divide_b8m.tdf
    Info (12023): Found entity 1: lpm_divide_b8m
Info (12021): Found 1 design units, including 1 entities, in source file db/sign_div_unsign_9kh.tdf
    Info (12023): Found entity 1: sign_div_unsign_9kh
Info (12021): Found 1 design units, including 1 entities, in source file db/alt_u_div_t2f.tdf
    Info (12023): Found entity 1: alt_u_div_t2f
Info (12130): Elaborated megafunction instantiation "hms_to_digits:hms_to_digits_12|lpm_divide:Mod0"
Info (12133): Instantiated megafunction "hms_to_digits:hms_to_digits_12|lpm_divide:Mod0" with the following parameter:
    Info (12134): Parameter "LPM_WIDTHN" = "5"
    Info (12134): Parameter "LPM_WIDTHD" = "5"
    Info (12134): Parameter "LPM_NREPRESENTATION" = "UNSIGNED"
    Info (12134): Parameter "LPM_DREPRESENTATION" = "UNSIGNED"
Info (12130): Elaborated megafunction instantiation "hms_to_digits:hms_to_digits_alarm|lpm_divide:Div1"
Info (12133): Instantiated megafunction "hms_to_digits:hms_to_digits_alarm|lpm_divide:Div1" with the following parameter:
    Info (12134): Parameter "LPM_WIDTHN" = "6"
    Info (12134): Parameter "LPM_WIDTHD" = "4"
    Info (12134): Parameter "LPM_NREPRESENTATION" = "UNSIGNED"
    Info (12134): Parameter "LPM_DREPRESENTATION" = "UNSIGNED"
Info (12021): Found 1 design units, including 1 entities, in source file db/lpm_divide_8gm.tdf
    Info (12023): Found entity 1: lpm_divide_8gm
Info (12021): Found 1 design units, including 1 entities, in source file db/sign_div_unsign_akh.tdf
    Info (12023): Found entity 1: sign_div_unsign_akh
Info (12021): Found 1 design units, including 1 entities, in source file db/alt_u_div_u2f.tdf
    Info (12023): Found entity 1: alt_u_div_u2f
Info (12130): Elaborated megafunction instantiation "hms_to_digits:hms_to_digits_12|lpm_divide:Mod1"
Info (12133): Instantiated megafunction "hms_to_digits:hms_to_digits_12|lpm_divide:Mod1" with the following parameter:
    Info (12134): Parameter "LPM_WIDTHN" = "6"
    Info (12134): Parameter "LPM_WIDTHD" = "6"
    Info (12134): Parameter "LPM_NREPRESENTATION" = "UNSIGNED"
    Info (12134): Parameter "LPM_DREPRESENTATION" = "UNSIGNED"
Info (12021): Found 1 design units, including 1 entities, in source file db/lpm_divide_d8m.tdf
    Info (12023): Found entity 1: lpm_divide_d8m
Info (12021): Found 1 design units, including 1 entities, in source file db/sign_div_unsign_bkh.tdf
    Info (12023): Found entity 1: sign_div_unsign_bkh
Info (12021): Found 1 design units, including 1 entities, in source file db/alt_u_div_13f.tdf
    Info (12023): Found entity 1: alt_u_div_13f
Warning (13024): Output pins are stuck at VCC or GND
    Warning (13410): Pin "seg0[1]" is stuck at GND
    Warning (13410): Pin "ddde" is stuck at VCC
    Warning (13410): Pin "dddde" is stuck at VCC
Info (286030): Timing-Driven Synthesis is running
Info (16010): Generating hard_block partition "hard_block:auto_generated_inst"
    Info (16011): Adding 0 node(s), including 0 DDIO, 0 PLL, 0 transceiver and 0 LCELL
Info (21057): Implemented 495 device resources after synthesis - the final resource count might be different
    Info (21058): Implemented 7 input pins
    Info (21059): Implemented 52 output pins
    Info (21061): Implemented 436 logic cells
Info: Quartus II 64-Bit Analysis & Synthesis was successful. 0 errors, 6 warnings
    Info: Peak virtual memory: 4652 megabytes
    Info: Processing ended: Fri Jan 03 14:09:55 2025
    Info: Elapsed time: 00:00:03
    Info: Total CPU time (on all processors): 00:00:02


